<?xml version="1.0" encoding="UTF-8"?>
<!-- Generated by org.testng.reporters.JUnitReportReporter -->
<testsuite hostname="DESKTOP-5BKKI8L" failures="0" tests="3" name="com.allianz.test.LoginTest" time="61.247" errors="0" timestamp="2024-04-16T12:12:41 IST" skipped="0">
  <testcase classname="com.allianz.test.LoginTest" name="invalidLoginTest" time="13.824"/>
  <testcase classname="com.allianz.test.LoginTest" name="invalidLoginTest" time="23.387"/>
  <testcase classname="com.allianz.test.LoginTest" name="invalidLoginTest" time="24.036"/>
</testsuite> <!-- com.allianz.test.LoginTest -->
