<?xml version="1.0" encoding="UTF-8"?>
<!-- Generated by org.testng.reporters.JUnitReportReporter -->
<testsuite hostname="DESKTOP-5BKKI8L" failures="0" tests="2" name="com.allianz.test.LoginUITest" time="48.379" errors="0" timestamp="2024-04-04T12:23:34 IST" skipped="0">
  <testcase classname="com.allianz.test.LoginUITest" name="titleTest" time="20.326"/>
  <testcase classname="com.allianz.test.LoginUITest" name="applicationDescriptionTest" time="28.053"/>
</testsuite> <!-- com.allianz.test.LoginUITest -->
