<?xml version="1.0" encoding="UTF-8"?>
<!-- Generated by org.testng.reporters.JUnitReportReporter -->
<testsuite hostname="DESKTOP-5BKKI8L" failures="0" tests="1" name="com.allianz.test.AddEmployeeTest" time="19.932" errors="0" timestamp="2024-04-18T11:42:09 IST" skipped="0">
  <testcase classname="com.allianz.test.AddEmployeeTest" name="validLoginTest" time="19.932"/>
</testsuite> <!-- com.allianz.test.AddEmployeeTest -->
