<?xml version="1.0" encoding="UTF-8"?>
<!-- Generated by org.testng.reporters.JUnitReportReporter -->
<testsuite hostname="DESKTOP-5BKKI8L" failures="0" tests="2" name="com.allianz.test.LoginTest" time="24.844" errors="0" timestamp="2024-04-18T09:12:35 IST" skipped="0">
  <testcase classname="com.allianz.test.LoginTest" name="invalidLoginTest" time="13.844"/>
  <testcase classname="com.allianz.test.LoginTest" name="invalidLoginTest" time="11.000"/>
</testsuite> <!-- com.allianz.test.LoginTest -->
