<?xml version="1.0" encoding="UTF-8"?>
<!-- Generated by org.testng.reporters.JUnitReportReporter -->
<testsuite hostname="DESKTOP-5BKKI8L" failures="0" tests="2" name="com.allianz.test.LoginTest" time="25.082" errors="0" timestamp="2024-04-04T13:01:15 IST" skipped="0">
  <testcase classname="com.allianz.test.LoginTest" name="invalidLoginTest" time="15.052"/>
  <testcase classname="com.allianz.test.LoginTest" name="validLoginTest" time="10.030"/>
</testsuite> <!-- com.allianz.test.LoginTest -->
