<?xml version="1.0" encoding="UTF-8"?>
<!-- Generated by org.testng.reporters.JUnitReportReporter -->
<testsuite hostname="DESKTOP-5BKKI8L" failures="0" tests="3" name="com.allianz.test.ZDemoTest" time="0.024" errors="0" timestamp="2024-04-16T12:02:34 IST" skipped="0">
  <testcase classname="com.allianz.test.ZDemoTest" name="validTest" time="0.016"/>
  <testcase classname="com.allianz.test.ZDemoTest" name="validTest" time="0.004"/>
  <testcase classname="com.allianz.test.ZDemoTest" name="validTest" time="0.004"/>
</testsuite> <!-- com.allianz.test.ZDemoTest -->
