<?xml version="1.0" encoding="UTF-8"?>
<!-- Generated by org.testng.reporters.JUnitReportReporter -->
<testsuite hostname="DESKTOP-5BKKI8L" failures="0" tests="4" name="com.allianz.test.LoginUITest" time="39.773" errors="0" timestamp="2024-04-30T13:02:49 IST" skipped="0">
  <testcase classname="com.allianz.test.LoginUITest" name="titleTest" time="13.410"/>
  <testcase classname="com.allianz.test.LoginUITest" name="applicationDescriptionTest" time="7.080"/>
  <testcase classname="com.allianz.test.LoginUITest" name="applicationDescriptionTest" time="8.099"/>
  <testcase classname="com.allianz.test.LoginUITest" name="titleTest" time="11.184"/>
</testsuite> <!-- com.allianz.test.LoginUITest -->
