<?xml version="1.0" encoding="UTF-8"?>
<!-- Generated by org.testng.reporters.JUnitReportReporter -->
<testsuite hostname="DESKTOP-5BKKI8L" failures="0" tests="2" name="com.allianz.test.LoginUITest" time="98.351" errors="0" timestamp="2024-05-06T09:36:37 IST" skipped="0">
  <testcase classname="com.allianz.test.LoginUITest" name="titleTest" time="79.569"/>
  <testcase classname="com.allianz.test.LoginUITest" name="applicationDescriptionTest" time="18.782"/>
</testsuite> <!-- com.allianz.test.LoginUITest -->
